============================================ 02 ============================================
 Copyright (C) 1995-2018 - All Rights Reserved
 University Corporation for Atmospheric Research
 NCAR Command Language Version 6.5.0
 The use of this software is governed by a License Agreement.
 See http://www.ncl.ucar.edu/ for more details.
(0)	ssp126-2021-2040-current 1 grids: 715
(0)	ssp126-2021-2040-current 2 grids: 271
============================================ 04 ============================================
 Copyright (C) 1995-2018 - All Rights Reserved
 University Corporation for Atmospheric Research
 NCAR Command Language Version 6.5.0
 The use of this software is governed by a License Agreement.
 See http://www.ncl.ucar.edu/ for more details.
(0)	ssp126-2021-2040-current 1 grids: 669
(0)	ssp126-2021-2040-current 2 grids: 126
============================================ 06 ============================================
 Copyright (C) 1995-2018 - All Rights Reserved
 University Corporation for Atmospheric Research
 NCAR Command Language Version 6.5.0
 The use of this software is governed by a License Agreement.
 See http://www.ncl.ucar.edu/ for more details.
(0)	ssp126-2021-2040-current 1 grids: 749
(0)	ssp126-2021-2040-current 2 grids: 88
============================================ 02 ============================================
 Copyright (C) 1995-2018 - All Rights Reserved
 University Corporation for Atmospheric Research
 NCAR Command Language Version 6.5.0
 The use of this software is governed by a License Agreement.
 See http://www.ncl.ucar.edu/ for more details.
(0)	ssp126-2041-2060-current 1 grids: 971
(0)	ssp126-2041-2060-current 2 grids: 381
============================================ 04 ============================================
 Copyright (C) 1995-2018 - All Rights Reserved
 University Corporation for Atmospheric Research
 NCAR Command Language Version 6.5.0
 The use of this software is governed by a License Agreement.
 See http://www.ncl.ucar.edu/ for more details.
(0)	ssp126-2041-2060-current 1 grids: 1063
(0)	ssp126-2041-2060-current 2 grids: 174
============================================ 06 ============================================
 Copyright (C) 1995-2018 - All Rights Reserved
 University Corporation for Atmospheric Research
 NCAR Command Language Version 6.5.0
 The use of this software is governed by a License Agreement.
 See http://www.ncl.ucar.edu/ for more details.
(0)	ssp126-2041-2060-current 1 grids: 1143
(0)	ssp126-2041-2060-current 2 grids: 140
============================================ 02 ============================================
 Copyright (C) 1995-2018 - All Rights Reserved
 University Corporation for Atmospheric Research
 NCAR Command Language Version 6.5.0
 The use of this software is governed by a License Agreement.
 See http://www.ncl.ucar.edu/ for more details.
(0)	ssp126-2061-2080-current 1 grids: 997
(0)	ssp126-2061-2080-current 2 grids: 397
============================================ 04 ============================================
 Copyright (C) 1995-2018 - All Rights Reserved
 University Corporation for Atmospheric Research
 NCAR Command Language Version 6.5.0
 The use of this software is governed by a License Agreement.
 See http://www.ncl.ucar.edu/ for more details.
(0)	ssp126-2061-2080-current 1 grids: 1037
(0)	ssp126-2061-2080-current 2 grids: 182
============================================ 06 ============================================
 Copyright (C) 1995-2018 - All Rights Reserved
 University Corporation for Atmospheric Research
 NCAR Command Language Version 6.5.0
 The use of this software is governed by a License Agreement.
 See http://www.ncl.ucar.edu/ for more details.
(0)	ssp126-2061-2080-current 1 grids: 1137
(0)	ssp126-2061-2080-current 2 grids: 135
============================================ 02 ============================================
 Copyright (C) 1995-2018 - All Rights Reserved
 University Corporation for Atmospheric Research
 NCAR Command Language Version 6.5.0
 The use of this software is governed by a License Agreement.
 See http://www.ncl.ucar.edu/ for more details.
(0)	ssp126-2081-2100-current 1 grids: 910
(0)	ssp126-2081-2100-current 2 grids: 385
============================================ 04 ============================================
 Copyright (C) 1995-2018 - All Rights Reserved
 University Corporation for Atmospheric Research
 NCAR Command Language Version 6.5.0
 The use of this software is governed by a License Agreement.
 See http://www.ncl.ucar.edu/ for more details.
(0)	ssp126-2081-2100-current 1 grids: 939
(0)	ssp126-2081-2100-current 2 grids: 172
============================================ 06 ============================================
 Copyright (C) 1995-2018 - All Rights Reserved
 University Corporation for Atmospheric Research
 NCAR Command Language Version 6.5.0
 The use of this software is governed by a License Agreement.
 See http://www.ncl.ucar.edu/ for more details.
(0)	ssp126-2081-2100-current 1 grids: 1145
(0)	ssp126-2081-2100-current 2 grids: 133
============================================ 02 ============================================
 Copyright (C) 1995-2018 - All Rights Reserved
 University Corporation for Atmospheric Research
 NCAR Command Language Version 6.5.0
 The use of this software is governed by a License Agreement.
 See http://www.ncl.ucar.edu/ for more details.
(0)	ssp245-2021-2040-current 1 grids: 789
(0)	ssp245-2021-2040-current 2 grids: 266
============================================ 04 ============================================
 Copyright (C) 1995-2018 - All Rights Reserved
 University Corporation for Atmospheric Research
 NCAR Command Language Version 6.5.0
 The use of this software is governed by a License Agreement.
 See http://www.ncl.ucar.edu/ for more details.
(0)	ssp245-2021-2040-current 1 grids: 767
(0)	ssp245-2021-2040-current 2 grids: 116
============================================ 06 ============================================
 Copyright (C) 1995-2018 - All Rights Reserved
 University Corporation for Atmospheric Research
 NCAR Command Language Version 6.5.0
 The use of this software is governed by a License Agreement.
 See http://www.ncl.ucar.edu/ for more details.
(0)	ssp245-2021-2040-current 1 grids: 769
(0)	ssp245-2021-2040-current 2 grids: 85
============================================ 02 ============================================
 Copyright (C) 1995-2018 - All Rights Reserved
 University Corporation for Atmospheric Research
 NCAR Command Language Version 6.5.0
 The use of this software is governed by a License Agreement.
 See http://www.ncl.ucar.edu/ for more details.
(0)	ssp245-2041-2060-current 1 grids: 1046
(0)	ssp245-2041-2060-current 2 grids: 455
============================================ 04 ============================================
 Copyright (C) 1995-2018 - All Rights Reserved
 University Corporation for Atmospheric Research
 NCAR Command Language Version 6.5.0
 The use of this software is governed by a License Agreement.
 See http://www.ncl.ucar.edu/ for more details.
(0)	ssp245-2041-2060-current 1 grids: 1078
(0)	ssp245-2041-2060-current 2 grids: 222
============================================ 06 ============================================
 Copyright (C) 1995-2018 - All Rights Reserved
 University Corporation for Atmospheric Research
 NCAR Command Language Version 6.5.0
 The use of this software is governed by a License Agreement.
 See http://www.ncl.ucar.edu/ for more details.
(0)	ssp245-2041-2060-current 1 grids: 1217
(0)	ssp245-2041-2060-current 2 grids: 126
============================================ 02 ============================================
 Copyright (C) 1995-2018 - All Rights Reserved
 University Corporation for Atmospheric Research
 NCAR Command Language Version 6.5.0
 The use of this software is governed by a License Agreement.
 See http://www.ncl.ucar.edu/ for more details.
(0)	ssp245-2061-2080-current 1 grids: 1398
(0)	ssp245-2061-2080-current 2 grids: 532
============================================ 04 ============================================
 Copyright (C) 1995-2018 - All Rights Reserved
 University Corporation for Atmospheric Research
 NCAR Command Language Version 6.5.0
 The use of this software is governed by a License Agreement.
 See http://www.ncl.ucar.edu/ for more details.
(0)	ssp245-2061-2080-current 1 grids: 1535
(0)	ssp245-2061-2080-current 2 grids: 245
============================================ 06 ============================================
 Copyright (C) 1995-2018 - All Rights Reserved
 University Corporation for Atmospheric Research
 NCAR Command Language Version 6.5.0
 The use of this software is governed by a License Agreement.
 See http://www.ncl.ucar.edu/ for more details.
(0)	ssp245-2061-2080-current 1 grids: 1781
(0)	ssp245-2061-2080-current 2 grids: 104
============================================ 02 ============================================
 Copyright (C) 1995-2018 - All Rights Reserved
 University Corporation for Atmospheric Research
 NCAR Command Language Version 6.5.0
 The use of this software is governed by a License Agreement.
 See http://www.ncl.ucar.edu/ for more details.
(0)	ssp245-2081-2100-current 1 grids: 1648
(0)	ssp245-2081-2100-current 2 grids: 616
============================================ 04 ============================================
 Copyright (C) 1995-2018 - All Rights Reserved
 University Corporation for Atmospheric Research
 NCAR Command Language Version 6.5.0
 The use of this software is governed by a License Agreement.
 See http://www.ncl.ucar.edu/ for more details.
(0)	ssp245-2081-2100-current 1 grids: 2069
(0)	ssp245-2081-2100-current 2 grids: 261
============================================ 06 ============================================
 Copyright (C) 1995-2018 - All Rights Reserved
 University Corporation for Atmospheric Research
 NCAR Command Language Version 6.5.0
 The use of this software is governed by a License Agreement.
 See http://www.ncl.ucar.edu/ for more details.
(0)	ssp245-2081-2100-current 1 grids: 2379
(0)	ssp245-2081-2100-current 2 grids: 90
============================================ 02 ============================================
 Copyright (C) 1995-2018 - All Rights Reserved
 University Corporation for Atmospheric Research
 NCAR Command Language Version 6.5.0
 The use of this software is governed by a License Agreement.
 See http://www.ncl.ucar.edu/ for more details.
(0)	ssp370-2021-2040-current 1 grids: 780
(0)	ssp370-2021-2040-current 2 grids: 285
============================================ 04 ============================================
 Copyright (C) 1995-2018 - All Rights Reserved
 University Corporation for Atmospheric Research
 NCAR Command Language Version 6.5.0
 The use of this software is governed by a License Agreement.
 See http://www.ncl.ucar.edu/ for more details.
(0)	ssp370-2021-2040-current 1 grids: 688
(0)	ssp370-2021-2040-current 2 grids: 131
============================================ 06 ============================================
 Copyright (C) 1995-2018 - All Rights Reserved
 University Corporation for Atmospheric Research
 NCAR Command Language Version 6.5.0
 The use of this software is governed by a License Agreement.
 See http://www.ncl.ucar.edu/ for more details.
(0)	ssp370-2021-2040-current 1 grids: 814
(0)	ssp370-2021-2040-current 2 grids: 77
============================================ 02 ============================================
 Copyright (C) 1995-2018 - All Rights Reserved
 University Corporation for Atmospheric Research
 NCAR Command Language Version 6.5.0
 The use of this software is governed by a License Agreement.
 See http://www.ncl.ucar.edu/ for more details.
(0)	ssp370-2041-2060-current 1 grids: 1121
(0)	ssp370-2041-2060-current 2 grids: 497
============================================ 04 ============================================
 Copyright (C) 1995-2018 - All Rights Reserved
 University Corporation for Atmospheric Research
 NCAR Command Language Version 6.5.0
 The use of this software is governed by a License Agreement.
 See http://www.ncl.ucar.edu/ for more details.
(0)	ssp370-2041-2060-current 1 grids: 1262
(0)	ssp370-2041-2060-current 2 grids: 235
============================================ 06 ============================================
 Copyright (C) 1995-2018 - All Rights Reserved
 University Corporation for Atmospheric Research
 NCAR Command Language Version 6.5.0
 The use of this software is governed by a License Agreement.
 See http://www.ncl.ucar.edu/ for more details.
(0)	ssp370-2041-2060-current 1 grids: 1493
(0)	ssp370-2041-2060-current 2 grids: 111
============================================ 02 ============================================
 Copyright (C) 1995-2018 - All Rights Reserved
 University Corporation for Atmospheric Research
 NCAR Command Language Version 6.5.0
 The use of this software is governed by a License Agreement.
 See http://www.ncl.ucar.edu/ for more details.
(0)	ssp370-2061-2080-current 1 grids: 1564
(0)	ssp370-2061-2080-current 2 grids: 748
============================================ 04 ============================================
 Copyright (C) 1995-2018 - All Rights Reserved
 University Corporation for Atmospheric Research
 NCAR Command Language Version 6.5.0
 The use of this software is governed by a License Agreement.
 See http://www.ncl.ucar.edu/ for more details.
(0)	ssp370-2061-2080-current 1 grids: 1997
(0)	ssp370-2061-2080-current 2 grids: 300
============================================ 06 ============================================
 Copyright (C) 1995-2018 - All Rights Reserved
 University Corporation for Atmospheric Research
 NCAR Command Language Version 6.5.0
 The use of this software is governed by a License Agreement.
 See http://www.ncl.ucar.edu/ for more details.
(0)	ssp370-2061-2080-current 1 grids: 2292
(0)	ssp370-2061-2080-current 2 grids: 72
============================================ 02 ============================================
 Copyright (C) 1995-2018 - All Rights Reserved
 University Corporation for Atmospheric Research
 NCAR Command Language Version 6.5.0
 The use of this software is governed by a License Agreement.
 See http://www.ncl.ucar.edu/ for more details.
(0)	ssp370-2081-2100-current 1 grids: 2181
(0)	ssp370-2081-2100-current 2 grids: 1056
============================================ 04 ============================================
 Copyright (C) 1995-2018 - All Rights Reserved
 University Corporation for Atmospheric Research
 NCAR Command Language Version 6.5.0
 The use of this software is governed by a License Agreement.
 See http://www.ncl.ucar.edu/ for more details.
(0)	ssp370-2081-2100-current 1 grids: 3234
(0)	ssp370-2081-2100-current 2 grids: 362
============================================ 06 ============================================
 Copyright (C) 1995-2018 - All Rights Reserved
 University Corporation for Atmospheric Research
 NCAR Command Language Version 6.5.0
 The use of this software is governed by a License Agreement.
 See http://www.ncl.ucar.edu/ for more details.
(0)	ssp370-2081-2100-current 1 grids: 3231
(0)	ssp370-2081-2100-current 2 grids: 66
============================================ 02 ============================================
 Copyright (C) 1995-2018 - All Rights Reserved
 University Corporation for Atmospheric Research
 NCAR Command Language Version 6.5.0
 The use of this software is governed by a License Agreement.
 See http://www.ncl.ucar.edu/ for more details.
(0)	ssp585-2021-2040-current 1 grids: 829
(0)	ssp585-2021-2040-current 2 grids: 320
============================================ 04 ============================================
 Copyright (C) 1995-2018 - All Rights Reserved
 University Corporation for Atmospheric Research
 NCAR Command Language Version 6.5.0
 The use of this software is governed by a License Agreement.
 See http://www.ncl.ucar.edu/ for more details.
(0)	ssp585-2021-2040-current 1 grids: 794
(0)	ssp585-2021-2040-current 2 grids: 148
============================================ 06 ============================================
 Copyright (C) 1995-2018 - All Rights Reserved
 University Corporation for Atmospheric Research
 NCAR Command Language Version 6.5.0
 The use of this software is governed by a License Agreement.
 See http://www.ncl.ucar.edu/ for more details.
(0)	ssp585-2021-2040-current 1 grids: 919
(0)	ssp585-2021-2040-current 2 grids: 95
============================================ 02 ============================================
 Copyright (C) 1995-2018 - All Rights Reserved
 University Corporation for Atmospheric Research
 NCAR Command Language Version 6.5.0
 The use of this software is governed by a License Agreement.
 See http://www.ncl.ucar.edu/ for more details.
(0)	ssp585-2041-2060-current 1 grids: 1324
(0)	ssp585-2041-2060-current 2 grids: 530
============================================ 04 ============================================
 Copyright (C) 1995-2018 - All Rights Reserved
 University Corporation for Atmospheric Research
 NCAR Command Language Version 6.5.0
 The use of this software is governed by a License Agreement.
 See http://www.ncl.ucar.edu/ for more details.
(0)	ssp585-2041-2060-current 1 grids: 1590
(0)	ssp585-2041-2060-current 2 grids: 236
============================================ 06 ============================================
 Copyright (C) 1995-2018 - All Rights Reserved
 University Corporation for Atmospheric Research
 NCAR Command Language Version 6.5.0
 The use of this software is governed by a License Agreement.
 See http://www.ncl.ucar.edu/ for more details.
(0)	ssp585-2041-2060-current 1 grids: 1830
(0)	ssp585-2041-2060-current 2 grids: 113
============================================ 02 ============================================
 Copyright (C) 1995-2018 - All Rights Reserved
 University Corporation for Atmospheric Research
 NCAR Command Language Version 6.5.0
 The use of this software is governed by a License Agreement.
 See http://www.ncl.ucar.edu/ for more details.
(0)	ssp585-2061-2080-current 1 grids: 2011
(0)	ssp585-2061-2080-current 2 grids: 939
============================================ 04 ============================================
 Copyright (C) 1995-2018 - All Rights Reserved
 University Corporation for Atmospheric Research
 NCAR Command Language Version 6.5.0
 The use of this software is governed by a License Agreement.
 See http://www.ncl.ucar.edu/ for more details.
(0)	ssp585-2061-2080-current 1 grids: 2753
(0)	ssp585-2061-2080-current 2 grids: 326
============================================ 06 ============================================
 Copyright (C) 1995-2018 - All Rights Reserved
 University Corporation for Atmospheric Research
 NCAR Command Language Version 6.5.0
 The use of this software is governed by a License Agreement.
 See http://www.ncl.ucar.edu/ for more details.
(0)	ssp585-2061-2080-current 1 grids: 3015
(0)	ssp585-2061-2080-current 2 grids: 68
============================================ 02 ============================================
 Copyright (C) 1995-2018 - All Rights Reserved
 University Corporation for Atmospheric Research
 NCAR Command Language Version 6.5.0
 The use of this software is governed by a License Agreement.
 See http://www.ncl.ucar.edu/ for more details.
(0)	ssp585-2081-2100-current 1 grids: 3229
(0)	ssp585-2081-2100-current 2 grids: 1338
============================================ 04 ============================================
 Copyright (C) 1995-2018 - All Rights Reserved
 University Corporation for Atmospheric Research
 NCAR Command Language Version 6.5.0
 The use of this software is governed by a License Agreement.
 See http://www.ncl.ucar.edu/ for more details.
(0)	ssp585-2081-2100-current 1 grids: 4491
(0)	ssp585-2081-2100-current 2 grids: 381
============================================ 06 ============================================
 Copyright (C) 1995-2018 - All Rights Reserved
 University Corporation for Atmospheric Research
 NCAR Command Language Version 6.5.0
 The use of this software is governed by a License Agreement.
 See http://www.ncl.ucar.edu/ for more details.
(0)	ssp585-2081-2100-current 1 grids: 3637
(0)	ssp585-2081-2100-current 2 grids: 30
